[debug] [2022-12-25T13:39:36.989Z] ----------------------------------------------------------------------
[debug] [2022-12-25T13:39:36.991Z] Command:       C:\Program Files\nodejs\node.exe C:\Users\SBI\AppData\Roaming\npm\node_modules\firebase-tools\lib\bin\firebase.js init
[debug] [2022-12-25T13:39:36.992Z] CLI Version:   11.19.0
[debug] [2022-12-25T13:39:36.992Z] Platform:      win32
[debug] [2022-12-25T13:39:36.992Z] Node Version:  v18.12.1
[debug] [2022-12-25T13:39:36.993Z] Time:          Sun Dec 25 2022 19:09:36 GMT+0530 (India Standard Time)
[debug] [2022-12-25T13:39:36.993Z] ----------------------------------------------------------------------
[debug] 
[debug] [2022-12-25T13:39:37.001Z] > command requires scopes: ["email","openid","https://www.googleapis.com/auth/cloudplatformprojects.readonly","https://www.googleapis.com/auth/firebase","https://www.googleapis.com/auth/cloud-platform"]
[debug] [2022-12-25T13:39:37.002Z] > authorizing via signed-in user (ejazdhalayat45@gmail.com)
[info] 
     ######## #### ########  ######## ########     ###     ######  ########
     ##        ##  ##     ## ##       ##     ##  ##   ##  ##       ##
     ######    ##  ########  ######   ########  #########  ######  ######
     ##        ##  ##    ##  ##       ##     ## ##     ##       ## ##
     ##       #### ##     ## ######## ########  ##     ##  ######  ########

You're about to initialize a Firebase project in this directory:

  C:\Users\SBI\Desktop\React\myapp

[info] 
=== Project Setup
[info] 
[info] First, let's associate this project directory with a Firebase project.
[info] You can create multiple project aliases by running firebase use --add, 
[info] but for now we'll just set up a default project.
[info] 
[debug] [2022-12-25T13:39:52.294Z] >>> [apiv2][query] GET https://firebase.googleapis.com/v1beta1/projects pageSize=100
[debug] [2022-12-25T13:39:53.116Z] <<< [apiv2][status] GET https://firebase.googleapis.com/v1beta1/projects 200
[debug] [2022-12-25T13:39:53.116Z] <<< [apiv2][body] GET https://firebase.googleapis.com/v1beta1/projects [omitted]
[info] i  Using project whatsappclone-3c262 (WhatsAppClone) 
[info] 
=== Hosting Setup
[info] 
[info] Your public directory is the folder (relative to your project directory) that
[info] will contain Hosting assets to be uploaded with firebase deploy. If you
[info] have a build process for your assets, use your build's output directory.
[info] 
